<?xml version="1.0" encoding="UTF-8"?>
<!-- Generated by org.testng.reporters.JUnitReportReporter -->
<testsuite hostname="HP" failures="0" tests="1" name="scripts.Testcase1" time="10.508" errors="0" timestamp="2022-07-13T19:46:47 IST" skipped="0">
  <testcase classname="scripts.Testcase1" name="tc1" time="10.508"/>
  <system-out/>
</testsuite> <!-- scripts.Testcase1 -->
