<?xml version="1.0" encoding="UTF-8"?>
<!-- Generated by org.testng.reporters.JUnitReportReporter -->
<testsuite hostname="HP" failures="0" tests="1" name="scripts.Testcase2" time="24.901" errors="0" timestamp="2022-07-13T19:46:47 IST" skipped="0">
  <testcase classname="scripts.Testcase2" name="tc2" time="24.901"/>
  <system-out/>
</testsuite> <!-- scripts.Testcase2 -->
